<?xml version="1.0" encoding="UTF-8"?>
<!-- Generated by org.testng.reporters.JUnitReportReporter -->
<testsuite hostname="Sagar" failures="0" tests="5" name="test.SwagLabCartTest" time="58.973" errors="0" timestamp="2024-11-16T11:50:10 IST" skipped="0">
  <testcase classname="test.SwagLabCartTest" name="VerifyIfUserIsAbleToRemoveProductFromCart" time="21.739"/>
  <testcase classname="test.SwagLabCartTest" name="VerfiyIfUserIsAbleToAddSingleProductToCart" time="6.810"/>
  <testcase classname="test.SwagLabCartTest" name="VerifyOnClickingCartIconCartIsDisplyed" time="6.106"/>
  <testcase classname="test.SwagLabCartTest" name="VerifyIsIfUserIsAbleToAddMultipleProductToCart" time="11.989"/>
  <testcase classname="test.SwagLabCartTest" name="verifyIfUserAbleToAddProductToCart" time="12.329"/>
</testsuite> <!-- test.SwagLabCartTest -->
