<?xml version="1.0" encoding="UTF-8"?>
<!-- Generated by org.testng.reporters.JUnitReportReporter -->
<testsuite hostname="Sagar" failures="0" tests="1" name="test.SwagLabOrderProductTest" time="12.667" errors="0" timestamp="2024-11-16T11:50:10 IST" skipped="0">
  <testcase classname="test.SwagLabOrderProductTest" name="verifyIfUserOrderProductSuccessfully" time="12.667"/>
</testsuite> <!-- test.SwagLabOrderProductTest -->
