<?xml version="1.0" encoding="UTF-8"?>
<!-- Generated by org.testng.reporters.JUnitReportReporter -->
<testsuite hostname="Sagar" failures="0" tests="11" name="test.SwagLabHomePageTest" time="125.830" errors="0" timestamp="2024-11-16T11:50:10 IST" skipped="0">
  <testcase classname="test.SwagLabHomePageTest" name="clickOnResetAppState" time="8.013"/>
  <testcase classname="test.SwagLabHomePageTest" name="VerifySortFeatureForAtoZ" time="7.274"/>
  <testcase classname="test.SwagLabHomePageTest" name="VerifySortFeatureForPriceHighToLow" time="7.036"/>
  <testcase classname="test.SwagLabHomePageTest" name="VerifySortFeatureForZtoA" time="6.532"/>
  <testcase classname="test.SwagLabHomePageTest" name="VerifyOnClickingAllItemsMenuBarIsClosingAndAllProductsAreDisplayed" time="16.086"/>
  <testcase classname="test.SwagLabHomePageTest" name="VerifyOnClickingLogoutUserIsSuccessfullyLoggedOutFromApplication" time="12.850"/>
  <testcase classname="test.SwagLabHomePageTest" name="VerifySortFeatureForPriceLowToHigh" time="8.807"/>
  <testcase classname="test.SwagLabHomePageTest" name="VerifyOnClickingRemoveProductTheButtonIsAgainChangedToAddToCart" time="26.255"/>
  <testcase classname="test.SwagLabHomePageTest" name="VerifyOnClickingAddToCartButtonTheRemoveButtonIsDislayedInteadOfAddToCart" time="11.714"/>
  <testcase classname="test.SwagLabHomePageTest" name="VerifyOnClickAboutUserIsRedirectedToSwaglabExternalPage" time="16.680"/>
  <testcase classname="test.SwagLabHomePageTest" name="VeriftOnClickingOnMenuAllTheMenuOptionsAreDisplayed" time="4.583"/>
</testsuite> <!-- test.SwagLabHomePageTest -->
