<?xml version="1.0" encoding="UTF-8"?>
<!-- Generated by org.testng.reporters.JUnitReportReporter -->
<testsuite hostname="Sagar" failures="0" tests="1" name="test.OrderProduct" time="8.315" errors="0" timestamp="2024-11-14T11:15:03 IST" skipped="0">
  <testcase classname="test.OrderProduct" name="verifyIfUserOrderProductSuccessfully" time="8.315"/>
</testsuite> <!-- test.OrderProduct -->
