<?xml version="1.0" encoding="UTF-8"?>
<!-- Generated by org.testng.reporters.JUnitReportReporter -->
<testsuite hostname="Sagar" failures="0" tests="2" name="test.SwagLabLoginTest" time="12.918" errors="0" timestamp="2024-11-16T11:50:10 IST" skipped="0">
  <testcase classname="test.SwagLabLoginTest" name="verifyIfWarningMessageIsDisplyedForLockedUser" time="6.101"/>
  <testcase classname="test.SwagLabLoginTest" name="verifyIfUserAbleToLoginWithValidCreadentials" time="6.817"/>
</testsuite> <!-- test.SwagLabLoginTest -->
